<?xml version="1.0" encoding="UTF-8"?>
<!-- Generated by org.testng.reporters.JUnitReportReporter -->
<testsuite hostname="DESKTOP-LEBI99V" failures="0" tests="4" name="com.mindtree.runner.AtlanticApplication" time="49.887" errors="0" timestamp="2021-10-25T00:34:52 IST" skipped="0">
  <testcase classname="com.mindtree.runner.AtlanticApplication" name="HomePage" time="2.155"/>
  <system-out/>
  <testcase classname="com.mindtree.runner.AtlanticApplication" name="LoginPage" time="5.828"/>
  <system-out/>
  <testcase classname="com.mindtree.runner.AtlanticApplication" name="LoginPage" time="28.151"/>
  <system-out/>
  <testcase classname="com.mindtree.runner.AtlanticApplication" name="SearchBook" time="13.753"/>
  <system-out/>
</testsuite> <!-- com.mindtree.runner.AtlanticApplication -->
